# JRE version: Java(TM) SE Runtime Environment (8.0_40-b27) (build 1.8.0_40-b27)
# Java VM: Java HotSpot(TM) 64-Bit Server VM (25.40-b25 mixed mode bsd-amd64 compressed oops)
Heap:
 PSYoungGen      total 38400K, used 11885K [0x000000014a300000, 0x000000014ee00000, 0x000000015f800000)
  eden space 33280K, 20% used [0x000000014a300000,0x000000014a9a2988,0x000000014c380000)
  from space 5120K, 99% used [0x000000014c880000,0x000000014cd78af0,0x000000014cd80000)
  to   space 5120K, 0% used [0x000000014c380000,0x000000014c380000,0x000000014c880000)
 ParOldGen       total 87552K, used 5668K [0x000000011f800000, 0x0000000124d80000, 0x000000014a300000)
  object space 87552K, 6% used [0x000000011f800000,0x000000011fd891f8,0x0000000124d80000)
 Metaspace       used 7054K, capacity 7704K, committed 7936K, reserved 1056768K
  class space    used 703K, capacity 720K, committed 768K, reserved 1048576K
GC Heap History (4 events):
Event: 1.434 GC heap before
{Heap before GC invocations=1 (full 0):
 PSYoungGen      total 38400K, used 33280K [0x000000014a300000, 0x000000014cd80000, 0x000000015f800000)
  eden space 33280K, 100% used [0x000000014a300000,0x000000014c380000,0x000000014c380000)
  from space 5120K, 0% used [0x000000014c880000,0x000000014c880000,0x000000014cd80000)
  to   space 5120K, 0% used [0x000000014c380000,0x000000014c380000,0x000000014c880000)
 ParOldGen       total 87552K, used 0K [0x000000011f800000, 0x0000000124d80000, 0x000000014a300000)
  object space 87552K, 0% used [0x000000011f800000,0x000000011f800000,0x0000000124d80000)
 Metaspace       used 6914K, capacity 7576K, committed 7680K, reserved 1056768K
  class space    used 701K, capacity 720K, committed 768K, reserved 1048576K
Event: 1.447 GC heap after
Heap after GC invocations=1 (full 0):
 PSYoungGen      total 38400K, used 5103K [0x000000014a300000, 0x000000014cd80000, 0x000000015f800000)
  eden space 33280K, 0% used [0x000000014a300000,0x000000014a300000,0x000000014c380000)
  from space 5120K, 99% used [0x000000014c380000,0x000000014c87bf90,0x000000014c880000)
  to   space 5120K, 0% used [0x000000014c880000,0x000000014c880000,0x000000014cd80000)
 ParOldGen       total 87552K, used 2498K [0x000000011f800000, 0x0000000124d80000, 0x000000014a300000)
  object space 87552K, 2% used [0x000000011f800000,0x000000011fa70a18,0x0000000124d80000)
 Metaspace       used 6914K, capacity 7576K, committed 7680K, reserved 1056768K
  class space    used 701K, capacity 720K, committed 768K, reserved 1048576K
}
Event: 1.761 GC heap before
{Heap before GC invocations=2 (full 0):
 PSYoungGen      total 38400K, used 38383K [0x000000014a300000, 0x000000014cd80000, 0x000000015f800000)
  eden space 33280K, 100% used [0x000000014a300000,0x000000014c380000,0x000000014c380000)
  from space 5120K, 99% used [0x000000014c380000,0x000000014c87bf90,0x000000014c880000)
  to   space 5120K, 0% used [0x000000014c880000,0x000000014c880000,0x000000014cd80000)
 ParOldGen       total 87552K, used 2498K [0x000000011f800000, 0x0000000124d80000, 0x000000014a300000)
  object space 87552K, 2% used [0x000000011f800000,0x000000011fa70a18,0x0000000124d80000)
 Metaspace       used 7043K, capacity 7704K, committed 7936K, reserved 1056768K
  class space    used 701K, capacity 720K, committed 768K, reserved 1048576K
Event: 1.773 GC heap after
Heap after GC invocations=2 (full 0):
 PSYoungGen      total 38400K, used 5090K [0x000000014a300000, 0x000000014ee00000, 0x000000015f800000)
  eden space 33280K, 0% used [0x000000014a300000,0x000000014a300000,0x000000014c380000)
  from space 5120K, 99% used [0x000000014c880000,0x000000014cd78af0,0x000000014cd80000)
  to   space 5120K, 0% used [0x000000014c380000,0x000000014c380000,0x000000014c880000)
 ParOldGen       total 87552K, used 5668K [0x000000011f800000, 0x0000000124d80000, 0x000000014a300000)
  object space 87552K, 6% used [0x000000011f800000,0x000000011fd891f8,0x0000000124d80000)
 Metaspace       used 7043K, capacity 7704K, committed 7936K, reserved 1056768K
  class space    used 701K, capacity 720K, committed 768K, reserved 1048576K
}

